{"/Users/oluwaseunsomefun/wayfarer_API/src/server.ts": {"path":"/Users/oluwaseunsomefun/wayfarer_API/src/server.ts","statementMap":{"0":{"start":{"line":1,"column":0},"end":{"line":1,"column":30}},"1":{"start":{"line":2,"column":0},"end":{"line":2,"column":24}},"2":{"start":{"line":3,"column":0},"end":{"line":3,"column":41}},"3":{"start":{"line":4,"column":0},"end":{"line":4,"column":36}},"4":{"start":{"line":6,"column":0},"end":{"line":6,"column":34}},"5":{"start":{"line":8,"column":12},"end":{"line":8,"column":21}},"6":{"start":{"line":10,"column":21},"end":{"line":10,"column":74}},"7":{"start":{"line":11,"column":13},"end":{"line":11,"column":39}},"8":{"start":{"line":13,"column":0},"end":{"line":13,"column":24}},"9":{"start":{"line":14,"column":0},"end":{"line":14,"column":28}},"10":{"start":{"line":15,"column":0},"end":{"line":15,"column":24}},"11":{"start":{"line":16,"column":0},"end":{"line":16,"column":49}},"12":{"start":{"line":18,"column":0},"end":{"line":18,"column":27}},"13":{"start":{"line":20,"column":0},"end":{"line":22,"column":3}},"14":{"start":{"line":21,"column":2},"end":{"line":21,"column":51}},"15":{"start":{"line":24,"column":0},"end":{"line":24,"column":19}}},"fnMap":{"0":{"name":"(anonymous_1)","decl":{"start":{"line":20,"column":17},"end":{"line":20,"column":20}},"loc":{"start":{"line":20,"column":22},"end":{"line":22,"column":1}}}},"branchMap":{"0":{"loc":{"start":{"line":10,"column":50},"end":{"line":10,"column":72}},"type":"binary-expr","locations":[{"start":{"line":10,"column":50},"end":{"line":10,"column":65}},{"start":{"line":10,"column":69},"end":{"line":10,"column":72}}]},"1":{"loc":{"start":{"line":11,"column":13},"end":{"line":11,"column":39}},"type":"binary-expr","locations":[{"start":{"line":11,"column":13},"end":{"line":11,"column":31}},{"start":{"line":11,"column":35},"end":{"line":11,"column":39}}]}},"s":{"0":1,"1":1,"2":1,"3":1,"4":1,"5":1,"6":1,"7":1,"8":1,"9":1,"10":1,"11":1,"12":1,"13":1,"14":1,"15":1},"f":{"0":1},"b":{"0":[1,1],"1":[1,0]}}
,"/Users/oluwaseunsomefun/wayfarer_API/src/variables.ts": {"path":"/Users/oluwaseunsomefun/wayfarer_API/src/variables.ts","statementMap":{"0":{"start":{"line":1,"column":0},"end":{"line":1,"column":28}},"1":{"start":{"line":3,"column":0},"end":{"line":3,"column":16}},"2":{"start":{"line":5,"column":18},"end":{"line":17,"column":2}},"3":{"start":{"line":19,"column":0},"end":{"line":19,"column":25}}},"fnMap":{},"branchMap":{},"s":{"0":1,"1":1,"2":1,"3":1},"f":{},"b":{}}
,"/Users/oluwaseunsomefun/wayfarer_API/src/config/database.config.ts": {"path":"/Users/oluwaseunsomefun/wayfarer_API/src/config/database.config.ts","statementMap":{"0":{"start":{"line":1,"column":0},"end":{"line":1,"column":20}},"1":{"start":{"line":2,"column":0},"end":{"line":2,"column":28}},"2":{"start":{"line":3,"column":0},"end":{"line":3,"column":37}},"3":{"start":{"line":5,"column":0},"end":{"line":5,"column":16}},"4":{"start":{"line":7,"column":17},"end":{"line":7,"column":19}},"5":{"start":{"line":9,"column":13},"end":{"line":11,"column":2}},"6":{"start":{"line":13,"column":0},"end":{"line":15,"column":3}},"7":{"start":{"line":14,"column":2},"end":{"line":14,"column":37}},"8":{"start":{"line":17,"column":0},"end":{"line":17,"column":20}}},"fnMap":{"0":{"name":"(anonymous_1)","decl":{"start":{"line":13,"column":19},"end":{"line":13,"column":22}},"loc":{"start":{"line":13,"column":24},"end":{"line":15,"column":1}}}},"branchMap":{},"s":{"0":1,"1":1,"2":1,"3":1,"4":1,"5":1,"6":1,"7":1,"8":1},"f":{"0":1},"b":{}}
,"/Users/oluwaseunsomefun/wayfarer_API/src/config/sql.ts": {"path":"/Users/oluwaseunsomefun/wayfarer_API/src/config/sql.ts","statementMap":{"0":{"start":{"line":3,"column":13},"end":{"line":26,"column":2}}},"fnMap":{},"branchMap":{},"s":{"0":1},"f":{},"b":{}}
,"/Users/oluwaseunsomefun/wayfarer_API/src/controller/Booking.ts": {"path":"/Users/oluwaseunsomefun/wayfarer_API/src/controller/Booking.ts","statementMap":{"0":{"start":{"line":2,"column":0},"end":{"line":2,"column":55}},"1":{"start":{"line":4,"column":0},"end":{"line":4,"column":45}},"2":{"start":{"line":5,"column":0},"end":{"line":5,"column":36}},"3":{"start":{"line":6,"column":0},"end":{"line":6,"column":43}},"4":{"start":{"line":7,"column":0},"end":{"line":7,"column":42}},"5":{"start":{"line":9,"column":13},"end":{"line":49,"column":2}},"6":{"start":{"line":11,"column":17},"end":{"line":11,"column":32}},"7":{"start":{"line":12,"column":4},"end":{"line":26,"column":5}},"8":{"start":{"line":14,"column":6},"end":{"line":22,"column":7}},"9":{"start":{"line":16,"column":25},"end":{"line":16,"column":61}},"10":{"start":{"line":17,"column":8},"end":{"line":17,"column":24}},"11":{"start":{"line":20,"column":25},"end":{"line":20,"column":77}},"12":{"start":{"line":21,"column":8},"end":{"line":21,"column":24}},"13":{"start":{"line":23,"column":6},"end":{"line":23,"column":60}},"14":{"start":{"line":25,"column":6},"end":{"line":25,"column":63}},"15":{"start":{"line":31,"column":17},"end":{"line":31,"column":32}},"16":{"start":{"line":32,"column":27},"end":{"line":32,"column":37}},"17":{"start":{"line":34,"column":4},"end":{"line":47,"column":5}},"18":{"start":{"line":35,"column":23},"end":{"line":38,"column":8}},"19":{"start":{"line":39,"column":6},"end":{"line":41,"column":7}},"20":{"start":{"line":40,"column":8},"end":{"line":40,"column":61}},"21":{"start":{"line":43,"column":29},"end":{"line":43,"column":36}},"22":{"start":{"line":44,"column":6},"end":{"line":44,"column":66}},"23":{"start":{"line":46,"column":6},"end":{"line":46,"column":80}}},"fnMap":{"0":{"name":"(anonymous_8)","decl":{"start":{"line":10,"column":8},"end":{"line":10,"column":23}},"loc":{"start":{"line":10,"column":71},"end":{"line":27,"column":null}}},"1":{"name":"(anonymous_10)","decl":{"start":{"line":30,"column":8},"end":{"line":30,"column":21}},"loc":{"start":{"line":30,"column":69},"end":{"line":48,"column":null}}}},"branchMap":{"0":{"loc":{"start":{"line":14,"column":6},"end":{"line":22,"column":7}},"type":"if","locations":[{"start":{"line":14,"column":6},"end":{"line":22,"column":7}},{"start":{"line":18,"column":13},"end":{"line":22,"column":7}}]},"1":{"loc":{"start":{"line":39,"column":6},"end":{"line":41,"column":7}},"type":"if","locations":[{"start":{"line":39,"column":6},"end":{"line":41,"column":7}}]}},"s":{"0":1,"1":1,"2":1,"3":1,"4":1,"5":1,"6":0,"7":0,"8":0,"9":0,"10":0,"11":0,"12":0,"13":0,"14":0,"15":0,"16":0,"17":0,"18":0,"19":0,"20":0,"21":0,"22":0,"23":0},"f":{"0":0,"1":0},"b":{"0":[0,0],"1":[0]}}
,"/Users/oluwaseunsomefun/wayfarer_API/src/controller/Bus.ts": {"path":"/Users/oluwaseunsomefun/wayfarer_API/src/controller/Bus.ts","statementMap":{"0":{"start":{"line":2,"column":0},"end":{"line":2,"column":36}},"1":{"start":{"line":3,"column":0},"end":{"line":3,"column":42}},"2":{"start":{"line":4,"column":0},"end":{"line":4,"column":45}},"3":{"start":{"line":5,"column":0},"end":{"line":5,"column":43}},"4":{"start":{"line":6,"column":0},"end":{"line":6,"column":51}},"5":{"start":{"line":7,"column":0},"end":{"line":7,"column":36}},"6":{"start":{"line":9,"column":0},"end":{"line":9,"column":35}},"7":{"start":{"line":11,"column":13},"end":{"line":51,"column":2}},"8":{"start":{"line":15,"column":66},"end":{"line":15,"column":74}},"9":{"start":{"line":16,"column":17},"end":{"line":16,"column":32}},"10":{"start":{"line":17,"column":4},"end":{"line":17,"column":22}},"11":{"start":{"line":19,"column":19},"end":{"line":27,"column":6}},"12":{"start":{"line":29,"column":4},"end":{"line":31,"column":5}},"13":{"start":{"line":30,"column":6},"end":{"line":30,"column":67}},"14":{"start":{"line":37,"column":4},"end":{"line":49,"column":5}},"15":{"start":{"line":38,"column":23},"end":{"line":38,"column":62}},"16":{"start":{"line":39,"column":23},"end":{"line":39,"column":30}},"17":{"start":{"line":40,"column":20},"end":{"line":44,"column":8}},"18":{"start":{"line":45,"column":6},"end":{"line":45,"column":23}},"19":{"start":{"line":46,"column":6},"end":{"line":46,"column":69}},"20":{"start":{"line":48,"column":6},"end":{"line":48,"column":52}}},"fnMap":{"0":{"name":"(anonymous_8)","decl":{"start":{"line":14,"column":8},"end":{"line":14,"column":17}},"loc":{"start":{"line":14,"column":65},"end":{"line":50,"column":null}}}},"branchMap":{"0":{"loc":{"start":{"line":29,"column":4},"end":{"line":31,"column":5}},"type":"if","locations":[{"start":{"line":29,"column":4},"end":{"line":31,"column":5}}]},"1":{"loc":{"start":{"line":29,"column":8},"end":{"line":29,"column":44}},"type":"binary-expr","locations":[{"start":{"line":29,"column":8},"end":{"line":29,"column":21}},{"start":{"line":29,"column":25},"end":{"line":29,"column":31}},{"start":{"line":29,"column":35},"end":{"line":29,"column":44}}]}},"s":{"0":1,"1":1,"2":1,"3":1,"4":1,"5":1,"6":1,"7":1,"8":0,"9":0,"10":0,"11":0,"12":0,"13":0,"14":0,"15":0,"16":0,"17":0,"18":0,"19":0,"20":0},"f":{"0":0},"b":{"0":[0],"1":[0,0,0]}}
,"/Users/oluwaseunsomefun/wayfarer_API/src/controller/Trip.ts": {"path":"/Users/oluwaseunsomefun/wayfarer_API/src/controller/Trip.ts","statementMap":{"0":{"start":{"line":2,"column":0},"end":{"line":2,"column":36}},"1":{"start":{"line":3,"column":0},"end":{"line":3,"column":45}},"2":{"start":{"line":4,"column":0},"end":{"line":4,"column":42}},"3":{"start":{"line":5,"column":0},"end":{"line":5,"column":36}},"4":{"start":{"line":6,"column":0},"end":{"line":6,"column":55}},"5":{"start":{"line":8,"column":0},"end":{"line":8,"column":43}},"6":{"start":{"line":9,"column":0},"end":{"line":9,"column":28}},"7":{"start":{"line":11,"column":13},"end":{"line":154,"column":2}},"8":{"start":{"line":21,"column":8},"end":{"line":21,"column":16}},"9":{"start":{"line":22,"column":21},"end":{"line":22,"column":36}},"10":{"start":{"line":24,"column":4},"end":{"line":70,"column":5}},"11":{"start":{"line":26,"column":23},"end":{"line":26,"column":67}},"12":{"start":{"line":27,"column":6},"end":{"line":29,"column":7}},"13":{"start":{"line":28,"column":8},"end":{"line":28,"column":56}},"14":{"start":{"line":32,"column":18},"end":{"line":32,"column":34}},"15":{"start":{"line":33,"column":23},"end":{"line":33,"column":35}},"16":{"start":{"line":35,"column":21},"end":{"line":45,"column":8}},"17":{"start":{"line":49,"column":30},"end":{"line":54,"column":8}},"18":{"start":{"line":56,"column":6},"end":{"line":58,"column":7}},"19":{"start":{"line":57,"column":8},"end":{"line":57,"column":62}},"20":{"start":{"line":60,"column":23},"end":{"line":60,"column":63}},"21":{"start":{"line":61,"column":6},"end":{"line":66,"column":7}},"22":{"start":{"line":62,"column":27},"end":{"line":62,"column":34}},"23":{"start":{"line":63,"column":8},"end":{"line":63,"column":60}},"24":{"start":{"line":65,"column":8},"end":{"line":65,"column":63}},"25":{"start":{"line":68,"column":6},"end":{"line":68,"column":39}},"26":{"start":{"line":69,"column":6},"end":{"line":69,"column":68}},"27":{"start":{"line":77,"column":19},"end":{"line":77,"column":29}},"28":{"start":{"line":79,"column":4},"end":{"line":89,"column":5}},"29":{"start":{"line":80,"column":23},"end":{"line":80,"column":61}},"30":{"start":{"line":81,"column":6},"end":{"line":83,"column":7}},"31":{"start":{"line":82,"column":8},"end":{"line":82,"column":77}},"32":{"start":{"line":84,"column":25},"end":{"line":84,"column":32}},"33":{"start":{"line":85,"column":6},"end":{"line":85,"column":53}},"34":{"start":{"line":87,"column":6},"end":{"line":87,"column":25}},"35":{"start":{"line":88,"column":6},"end":{"line":88,"column":52}},"36":{"start":{"line":96,"column":24},"end":{"line":96,"column":34}},"37":{"start":{"line":97,"column":20},"end":{"line":97,"column":35}},"38":{"start":{"line":99,"column":4},"end":{"line":141,"column":5}},"39":{"start":{"line":100,"column":24},"end":{"line":100,"column":70}},"40":{"start":{"line":101,"column":6},"end":{"line":103,"column":7}},"41":{"start":{"line":102,"column":8},"end":{"line":102,"column":57}},"42":{"start":{"line":105,"column":19},"end":{"line":105,"column":36}},"43":{"start":{"line":107,"column":6},"end":{"line":109,"column":7}},"44":{"start":{"line":108,"column":8},"end":{"line":108,"column":60}},"45":{"start":{"line":112,"column":28},"end":{"line":114,"column":8}},"46":{"start":{"line":115,"column":29},"end":{"line":115,"column":70}},"47":{"start":{"line":116,"column":6},"end":{"line":118,"column":7}},"48":{"start":{"line":117,"column":8},"end":{"line":117,"column":63}},"49":{"start":{"line":121,"column":30},"end":{"line":123,"column":8}},"50":{"start":{"line":124,"column":31},"end":{"line":125,"column":null}},"51":{"start":{"line":125,"column":17},"end":{"line":125,"column":32}},"52":{"start":{"line":127,"column":28},"end":{"line":129,"column":59}},"53":{"start":{"line":128,"column":20},"end":{"line":128,"column":25}},"54":{"start":{"line":129,"column":25},"end":{"line":129,"column":58}},"55":{"start":{"line":131,"column":20},"end":{"line":131,"column":63}},"56":{"start":{"line":133,"column":23},"end":{"line":133,"column":65}},"57":{"start":{"line":134,"column":6},"end":{"line":137,"column":7}},"58":{"start":{"line":135,"column":24},"end":{"line":135,"column":31}},"59":{"start":{"line":136,"column":8},"end":{"line":136,"column":66}},"60":{"start":{"line":139,"column":6},"end":{"line":139,"column":25}},"61":{"start":{"line":140,"column":6},"end":{"line":140,"column":52}},"62":{"start":{"line":146,"column":4},"end":{"line":152,"column":5}},"63":{"start":{"line":147,"column":23},"end":{"line":147,"column":57}},"64":{"start":{"line":148,"column":6},"end":{"line":148,"column":55}},"65":{"start":{"line":150,"column":6},"end":{"line":150,"column":25}},"66":{"start":{"line":151,"column":6},"end":{"line":151,"column":52}}},"fnMap":{"0":{"name":"(anonymous_8)","decl":{"start":{"line":13,"column":8},"end":{"line":13,"column":18}},"loc":{"start":{"line":13,"column":66},"end":{"line":71,"column":null}}},"1":{"name":"(anonymous_10)","decl":{"start":{"line":76,"column":8},"end":{"line":76,"column":18}},"loc":{"start":{"line":76,"column":66},"end":{"line":90,"column":null}}},"2":{"name":"(anonymous_12)","decl":{"start":{"line":95,"column":8},"end":{"line":95,"column":16}},"loc":{"start":{"line":95,"column":64},"end":{"line":142,"column":null}}},"3":{"name":"(anonymous_14)","decl":{"start":{"line":125,"column":8},"end":{"line":125,"column":9}},"loc":{"start":{"line":125,"column":17},"end":{"line":125,"column":32}}},"4":{"name":"(anonymous_15)","decl":{"start":{"line":128,"column":13},"end":{"line":128,"column":14}},"loc":{"start":{"line":128,"column":20},"end":{"line":128,"column":25}}},"5":{"name":"(anonymous_16)","decl":{"start":{"line":129,"column":14},"end":{"line":129,"column":15}},"loc":{"start":{"line":129,"column":25},"end":{"line":129,"column":58}}},"6":{"name":"(anonymous_17)","decl":{"start":{"line":145,"column":8},"end":{"line":145,"column":19}},"loc":{"start":{"line":145,"column":67},"end":{"line":153,"column":null}}}},"branchMap":{"0":{"loc":{"start":{"line":20,"column":6},"end":{"line":20,"column":23}},"type":"default-arg","locations":[{"start":{"line":20,"column":15},"end":{"line":20,"column":23}}]},"1":{"loc":{"start":{"line":27,"column":6},"end":{"line":29,"column":7}},"type":"if","locations":[{"start":{"line":27,"column":6},"end":{"line":29,"column":7}}]},"2":{"loc":{"start":{"line":56,"column":6},"end":{"line":58,"column":7}},"type":"if","locations":[{"start":{"line":56,"column":6},"end":{"line":58,"column":7}}]},"3":{"loc":{"start":{"line":61,"column":6},"end":{"line":66,"column":7}},"type":"if","locations":[{"start":{"line":61,"column":6},"end":{"line":66,"column":7}},{"start":{"line":64,"column":13},"end":{"line":66,"column":7}}]},"4":{"loc":{"start":{"line":81,"column":6},"end":{"line":83,"column":7}},"type":"if","locations":[{"start":{"line":81,"column":6},"end":{"line":83,"column":7}}]},"5":{"loc":{"start":{"line":101,"column":6},"end":{"line":103,"column":7}},"type":"if","locations":[{"start":{"line":101,"column":6},"end":{"line":103,"column":7}}]},"6":{"loc":{"start":{"line":107,"column":6},"end":{"line":109,"column":7}},"type":"if","locations":[{"start":{"line":107,"column":6},"end":{"line":109,"column":7}}]},"7":{"loc":{"start":{"line":116,"column":6},"end":{"line":118,"column":7}},"type":"if","locations":[{"start":{"line":116,"column":6},"end":{"line":118,"column":7}}]},"8":{"loc":{"start":{"line":134,"column":6},"end":{"line":137,"column":7}},"type":"if","locations":[{"start":{"line":134,"column":6},"end":{"line":137,"column":7}}]}},"s":{"0":1,"1":1,"2":1,"3":1,"4":1,"5":1,"6":1,"7":1,"8":0,"9":0,"10":0,"11":0,"12":0,"13":0,"14":0,"15":0,"16":0,"17":0,"18":0,"19":0,"20":0,"21":0,"22":0,"23":0,"24":0,"25":0,"26":0,"27":0,"28":0,"29":0,"30":0,"31":0,"32":0,"33":0,"34":0,"35":0,"36":0,"37":0,"38":0,"39":0,"40":0,"41":0,"42":0,"43":0,"44":0,"45":0,"46":0,"47":0,"48":0,"49":0,"50":0,"51":0,"52":0,"53":0,"54":0,"55":0,"56":0,"57":0,"58":0,"59":0,"60":0,"61":0,"62":0,"63":0,"64":0,"65":0,"66":0},"f":{"0":0,"1":0,"2":0,"3":0,"4":0,"5":0,"6":0},"b":{"0":[0],"1":[0],"2":[0],"3":[0,0],"4":[0],"5":[0],"6":[0],"7":[0],"8":[0]}}
,"/Users/oluwaseunsomefun/wayfarer_API/src/controller/User.ts": {"path":"/Users/oluwaseunsomefun/wayfarer_API/src/controller/User.ts","statementMap":{"0":{"start":{"line":2,"column":0},"end":{"line":2,"column":36}},"1":{"start":{"line":3,"column":0},"end":{"line":3,"column":36}},"2":{"start":{"line":4,"column":0},"end":{"line":4,"column":43}},"3":{"start":{"line":5,"column":0},"end":{"line":5,"column":59}},"4":{"start":{"line":6,"column":0},"end":{"line":6,"column":75}},"5":{"start":{"line":7,"column":0},"end":{"line":7,"column":51}},"6":{"start":{"line":8,"column":0},"end":{"line":8,"column":35}},"7":{"start":{"line":9,"column":0},"end":{"line":9,"column":45}},"8":{"start":{"line":11,"column":0},"end":{"line":11,"column":37}},"9":{"start":{"line":13,"column":13},"end":{"line":100,"column":2}},"10":{"start":{"line":16,"column":61},"end":{"line":16,"column":69}},"11":{"start":{"line":18,"column":4},"end":{"line":20,"column":5}},"12":{"start":{"line":19,"column":6},"end":{"line":19,"column":66}},"13":{"start":{"line":22,"column":4},"end":{"line":24,"column":5}},"14":{"start":{"line":23,"column":6},"end":{"line":23,"column":63}},"15":{"start":{"line":26,"column":19},"end":{"line":33,"column":6}},"16":{"start":{"line":35,"column":4},"end":{"line":63,"column":5}},"17":{"start":{"line":36,"column":24},"end":{"line":36,"column":69}},"18":{"start":{"line":38,"column":6},"end":{"line":40,"column":7}},"19":{"start":{"line":39,"column":8},"end":{"line":39,"column":64}},"20":{"start":{"line":42,"column":6},"end":{"line":44,"column":7}},"21":{"start":{"line":43,"column":8},"end":{"line":43,"column":55}},"22":{"start":{"line":46,"column":23},"end":{"line":46,"column":63}},"23":{"start":{"line":47,"column":6},"end":{"line":57,"column":7}},"24":{"start":{"line":48,"column":27},"end":{"line":48,"column":34}},"25":{"start":{"line":49,"column":22},"end":{"line":52,"column":10}},"26":{"start":{"line":53,"column":8},"end":{"line":53,"column":42}},"27":{"start":{"line":54,"column":8},"end":{"line":54,"column":73}},"28":{"start":{"line":56,"column":8},"end":{"line":56,"column":63}},"29":{"start":{"line":59,"column":6},"end":{"line":59,"column":51}},"30":{"start":{"line":60,"column":6},"end":{"line":62,"column":8}},"31":{"start":{"line":69,"column":22},"end":{"line":69,"column":30}},"32":{"start":{"line":70,"column":19},"end":{"line":70,"column":26}},"33":{"start":{"line":72,"column":4},"end":{"line":74,"column":5}},"34":{"start":{"line":73,"column":6},"end":{"line":73,"column":61}},"35":{"start":{"line":76,"column":4},"end":{"line":98,"column":5}},"36":{"start":{"line":77,"column":23},"end":{"line":77,"column":69}},"37":{"start":{"line":78,"column":6},"end":{"line":95,"column":7}},"38":{"start":{"line":79,"column":8},"end":{"line":94,"column":9}},"39":{"start":{"line":80,"column":29},"end":{"line":80,"column":36}},"40":{"start":{"line":81,"column":34},"end":{"line":81,"column":79}},"41":{"start":{"line":82,"column":10},"end":{"line":90,"column":11}},"42":{"start":{"line":84,"column":26},"end":{"line":87,"column":14}},"43":{"start":{"line":88,"column":12},"end":{"line":88,"column":41}},"44":{"start":{"line":89,"column":12},"end":{"line":89,"column":72}},"45":{"start":{"line":91,"column":10},"end":{"line":93,"column":11}},"46":{"start":{"line":92,"column":12},"end":{"line":92,"column":63}},"47":{"start":{"line":97,"column":6},"end":{"line":97,"column":68}},"48":{"start":{"line":102,"column":0},"end":{"line":102,"column":30}}},"fnMap":{"0":{"name":"(anonymous_8)","decl":{"start":{"line":15,"column":8},"end":{"line":15,"column":18}},"loc":{"start":{"line":15,"column":66},"end":{"line":64,"column":null}}},"1":{"name":"(anonymous_10)","decl":{"start":{"line":68,"column":8},"end":{"line":68,"column":17}},"loc":{"start":{"line":68,"column":65},"end":{"line":99,"column":null}}}},"branchMap":{"0":{"loc":{"start":{"line":18,"column":4},"end":{"line":20,"column":5}},"type":"if","locations":[{"start":{"line":18,"column":4},"end":{"line":20,"column":5}}]},"1":{"loc":{"start":{"line":18,"column":8},"end":{"line":18,"column":65}},"type":"binary-expr","locations":[{"start":{"line":18,"column":8},"end":{"line":18,"column":19}},{"start":{"line":18,"column":23},"end":{"line":18,"column":33}},{"start":{"line":18,"column":37},"end":{"line":18,"column":43}},{"start":{"line":18,"column":47},"end":{"line":18,"column":56}},{"start":{"line":18,"column":60},"end":{"line":18,"column":65}}]},"2":{"loc":{"start":{"line":22,"column":4},"end":{"line":24,"column":5}},"type":"if","locations":[{"start":{"line":22,"column":4},"end":{"line":24,"column":5}}]},"3":{"loc":{"start":{"line":38,"column":6},"end":{"line":40,"column":7}},"type":"if","locations":[{"start":{"line":38,"column":6},"end":{"line":40,"column":7}}]},"4":{"loc":{"start":{"line":42,"column":6},"end":{"line":44,"column":7}},"type":"if","locations":[{"start":{"line":42,"column":6},"end":{"line":44,"column":7}}]},"5":{"loc":{"start":{"line":47,"column":6},"end":{"line":57,"column":7}},"type":"if","locations":[{"start":{"line":47,"column":6},"end":{"line":57,"column":7}},{"start":{"line":55,"column":13},"end":{"line":57,"column":7}}]},"6":{"loc":{"start":{"line":72,"column":4},"end":{"line":74,"column":5}},"type":"if","locations":[{"start":{"line":72,"column":4},"end":{"line":74,"column":5}}]},"7":{"loc":{"start":{"line":72,"column":8},"end":{"line":72,"column":38}},"type":"binary-expr","locations":[{"start":{"line":72,"column":8},"end":{"line":72,"column":14}},{"start":{"line":72,"column":18},"end":{"line":72,"column":38}}]},"8":{"loc":{"start":{"line":78,"column":6},"end":{"line":95,"column":7}},"type":"if","locations":[{"start":{"line":78,"column":6},"end":{"line":95,"column":7}}]},"9":{"loc":{"start":{"line":79,"column":8},"end":{"line":94,"column":9}},"type":"if","locations":[{"start":{"line":79,"column":8},"end":{"line":94,"column":9}}]},"10":{"loc":{"start":{"line":82,"column":10},"end":{"line":90,"column":11}},"type":"if","locations":[{"start":{"line":82,"column":10},"end":{"line":90,"column":11}}]},"11":{"loc":{"start":{"line":91,"column":10},"end":{"line":93,"column":11}},"type":"if","locations":[{"start":{"line":91,"column":10},"end":{"line":93,"column":11}}]}},"s":{"0":1,"1":1,"2":1,"3":1,"4":1,"5":1,"6":1,"7":1,"8":1,"9":1,"10":2,"11":2,"12":0,"13":2,"14":1,"15":1,"16":1,"17":1,"18":1,"19":0,"20":1,"21":0,"22":1,"23":1,"24":1,"25":1,"26":1,"27":1,"28":0,"29":0,"30":0,"31":0,"32":0,"33":0,"34":0,"35":0,"36":0,"37":0,"38":0,"39":0,"40":0,"41":0,"42":0,"43":0,"44":0,"45":0,"46":0,"47":0,"48":1},"f":{"0":2,"1":0},"b":{"0":[0],"1":[2,2,2,2,2],"2":[1],"3":[0],"4":[0],"5":[1,0],"6":[0],"7":[0,0],"8":[0],"9":[0],"10":[0],"11":[0]}}
,"/Users/oluwaseunsomefun/wayfarer_API/src/controller/index.ts": {"path":"/Users/oluwaseunsomefun/wayfarer_API/src/controller/index.ts","statementMap":{"0":{"start":{"line":1,"column":0},"end":{"line":1,"column":23}},"1":{"start":{"line":2,"column":0},"end":{"line":2,"column":22}},"2":{"start":{"line":3,"column":0},"end":{"line":3,"column":23}},"3":{"start":{"line":4,"column":0},"end":{"line":4,"column":26}}},"fnMap":{},"branchMap":{},"s":{"0":1,"1":1,"2":1,"3":1},"f":{},"b":{}}
,"/Users/oluwaseunsomefun/wayfarer_API/src/database/query.ts": {"path":"/Users/oluwaseunsomefun/wayfarer_API/src/database/query.ts","statementMap":{"0":{"start":{"line":2,"column":0},"end":{"line":2,"column":45}},"1":{"start":{"line":4,"column":0},"end":{"line":21,"column":2}},"2":{"start":{"line":13,"column":4},"end":{"line":19,"column":5}},"3":{"start":{"line":14,"column":21},"end":{"line":14,"column":51}},"4":{"start":{"line":15,"column":6},"end":{"line":15,"column":20}},"5":{"start":{"line":17,"column":6},"end":{"line":17,"column":42}},"6":{"start":{"line":18,"column":6},"end":{"line":18,"column":19}}},"fnMap":{"0":{"name":"(anonymous_8)","decl":{"start":{"line":12,"column":8},"end":{"line":12,"column":13}},"loc":{"start":{"line":12,"column":40},"end":{"line":20,"column":null}}}},"branchMap":{},"s":{"0":1,"1":1,"2":0,"3":0,"4":0,"5":0,"6":0},"f":{"0":0},"b":{}}
,"/Users/oluwaseunsomefun/wayfarer_API/src/errors/BadRequestError.ts": {"path":"/Users/oluwaseunsomefun/wayfarer_API/src/errors/BadRequestError.ts","statementMap":{"0":{"start":{"line":1,"column":0},"end":{"line":1,"column":43}},"1":{"start":{"line":3,"column":0},"end":{"line":3,"column":42}},"2":{"start":{"line":13,"column":4},"end":{"line":13,"column":36}},"3":{"start":{"line":6,"column":12},"end":{"line":6,"column":47}},"4":{"start":{"line":7,"column":12},"end":{"line":7,"column":54}},"5":{"start":{"line":14,"column":4},"end":{"line":14,"column":52}},"6":{"start":{"line":5,"column":0},"end":{"line":5,"column":13}}},"fnMap":{"0":{"name":"(anonymous_1)","decl":{"start":{"line":9,"column":2},"end":{"line":9,"column":null}},"loc":{"start":{"line":11,"column":20},"end":{"line":15,"column":3}}}},"branchMap":{"0":{"loc":{"start":{"line":10,"column":4},"end":{"line":10,"column":47}},"type":"default-arg","locations":[{"start":{"line":10,"column":22},"end":{"line":10,"column":47}}]},"1":{"loc":{"start":{"line":11,"column":4},"end":{"line":11,"column":20}},"type":"default-arg","locations":[{"start":{"line":11,"column":16},"end":{"line":11,"column":20}}]}},"s":{"0":1,"1":1,"2":1,"3":1,"4":1,"5":1,"6":1},"f":{"0":1},"b":{"0":[0],"1":[1]}}
,"/Users/oluwaseunsomefun/wayfarer_API/src/errors/ConflictsError.ts": {"path":"/Users/oluwaseunsomefun/wayfarer_API/src/errors/ConflictsError.ts","statementMap":{"0":{"start":{"line":1,"column":0},"end":{"line":1,"column":43}},"1":{"start":{"line":3,"column":0},"end":{"line":3,"column":42}},"2":{"start":{"line":13,"column":4},"end":{"line":13,"column":36}},"3":{"start":{"line":6,"column":12},"end":{"line":6,"column":36}},"4":{"start":{"line":7,"column":12},"end":{"line":7,"column":43}},"5":{"start":{"line":14,"column":4},"end":{"line":14,"column":52}},"6":{"start":{"line":5,"column":0},"end":{"line":5,"column":13}}},"fnMap":{"0":{"name":"(anonymous_1)","decl":{"start":{"line":9,"column":2},"end":{"line":9,"column":null}},"loc":{"start":{"line":11,"column":19},"end":{"line":15,"column":3}}}},"branchMap":{"0":{"loc":{"start":{"line":10,"column":4},"end":{"line":10,"column":99}},"type":"default-arg","locations":[{"start":{"line":10,"column":22},"end":{"line":10,"column":99}}]},"1":{"loc":{"start":{"line":11,"column":4},"end":{"line":11,"column":19}},"type":"default-arg","locations":[{"start":{"line":11,"column":15},"end":{"line":11,"column":19}}]}},"s":{"0":1,"1":1,"2":0,"3":0,"4":0,"5":0,"6":1},"f":{"0":0},"b":{"0":[0],"1":[0]}}
,"/Users/oluwaseunsomefun/wayfarer_API/src/errors/ErrorHandler.ts": {"path":"/Users/oluwaseunsomefun/wayfarer_API/src/errors/ErrorHandler.ts","statementMap":{"0":{"start":{"line":1,"column":0},"end":{"line":1,"column":43}},"1":{"start":{"line":21,"column":4},"end":{"line":21,"column":19}},"2":{"start":{"line":6,"column":12},"end":{"line":6,"column":42}},"3":{"start":{"line":10,"column":12},"end":{"line":10,"column":29}},"4":{"start":{"line":12,"column":12},"end":{"line":12,"column":56}},"5":{"start":{"line":22,"column":4},"end":{"line":22,"column":26}},"6":{"start":{"line":23,"column":4},"end":{"line":23,"column":21}},"7":{"start":{"line":24,"column":4},"end":{"line":24,"column":44}},"8":{"start":{"line":25,"column":4},"end":{"line":25,"column":26}},"9":{"start":{"line":29,"column":4},"end":{"line":29,"column":23}},"10":{"start":{"line":33,"column":4},"end":{"line":33,"column":27}},"11":{"start":{"line":37,"column":4},"end":{"line":37,"column":25}},"12":{"start":{"line":41,"column":4},"end":{"line":41,"column":21}},"13":{"start":{"line":44,"column":4},"end":{"line":44,"column":27}},"14":{"start":{"line":48,"column":4},"end":{"line":48,"column":25}},"15":{"start":{"line":3,"column":0},"end":{"line":3,"column":21}}},"fnMap":{"0":{"name":"(anonymous_1)","decl":{"start":{"line":16,"column":2},"end":{"line":16,"column":null}},"loc":{"start":{"line":19,"column":32},"end":{"line":26,"column":3}}},"1":{"name":"(anonymous_2)","decl":{"start":{"line":28,"column":9},"end":{"line":28,"column":18}},"loc":{"start":{"line":28,"column":18},"end":{"line":30,"column":3}}},"2":{"name":"(anonymous_3)","decl":{"start":{"line":32,"column":9},"end":{"line":32,"column":16}},"loc":{"start":{"line":32,"column":16},"end":{"line":34,"column":3}}},"3":{"name":"(anonymous_4)","decl":{"start":{"line":36,"column":9},"end":{"line":36,"column":25}},"loc":{"start":{"line":36,"column":25},"end":{"line":38,"column":3}}},"4":{"name":"(anonymous_5)","decl":{"start":{"line":40,"column":9},"end":{"line":40,"column":16}},"loc":{"start":{"line":40,"column":16},"end":{"line":42,"column":3}}},"5":{"name":"(anonymous_6)","decl":{"start":{"line":43,"column":9},"end":{"line":43,"column":21}},"loc":{"start":{"line":43,"column":21},"end":{"line":45,"column":3}}},"6":{"name":"(anonymous_7)","decl":{"start":{"line":47,"column":9},"end":{"line":47,"column":20}},"loc":{"start":{"line":47,"column":20},"end":{"line":49,"column":3}}}},"branchMap":{"0":{"loc":{"start":{"line":18,"column":4},"end":{"line":18,"column":35}},"type":"default-arg","locations":[{"start":{"line":18,"column":19},"end":{"line":18,"column":35}}]}},"s":{"0":1,"1":1,"2":1,"3":1,"4":1,"5":1,"6":1,"7":1,"8":1,"9":0,"10":0,"11":0,"12":0,"13":0,"14":0,"15":1},"f":{"0":1,"1":0,"2":0,"3":0,"4":0,"5":0,"6":0},"b":{"0":[1]}}
,"/Users/oluwaseunsomefun/wayfarer_API/src/errors/NotAuthenticatedError.ts": {"path":"/Users/oluwaseunsomefun/wayfarer_API/src/errors/NotAuthenticatedError.ts","statementMap":{"0":{"start":{"line":1,"column":0},"end":{"line":1,"column":43}},"1":{"start":{"line":3,"column":0},"end":{"line":3,"column":42}},"2":{"start":{"line":13,"column":4},"end":{"line":13,"column":36}},"3":{"start":{"line":6,"column":12},"end":{"line":6,"column":45}},"4":{"start":{"line":7,"column":12},"end":{"line":7,"column":47}},"5":{"start":{"line":14,"column":4},"end":{"line":14,"column":52}},"6":{"start":{"line":5,"column":0},"end":{"line":5,"column":21}}},"fnMap":{"0":{"name":"(anonymous_1)","decl":{"start":{"line":9,"column":2},"end":{"line":9,"column":null}},"loc":{"start":{"line":11,"column":20},"end":{"line":15,"column":3}}}},"branchMap":{"0":{"loc":{"start":{"line":10,"column":4},"end":{"line":10,"column":49}},"type":"default-arg","locations":[{"start":{"line":10,"column":22},"end":{"line":10,"column":49}}]},"1":{"loc":{"start":{"line":11,"column":4},"end":{"line":11,"column":20}},"type":"default-arg","locations":[{"start":{"line":11,"column":16},"end":{"line":11,"column":20}}]}},"s":{"0":1,"1":1,"2":0,"3":0,"4":0,"5":0,"6":1},"f":{"0":0},"b":{"0":[0],"1":[0]}}
,"/Users/oluwaseunsomefun/wayfarer_API/src/errors/NotAuthorizedError.ts": {"path":"/Users/oluwaseunsomefun/wayfarer_API/src/errors/NotAuthorizedError.ts","statementMap":{"0":{"start":{"line":1,"column":0},"end":{"line":1,"column":43}},"1":{"start":{"line":3,"column":0},"end":{"line":3,"column":42}},"2":{"start":{"line":13,"column":4},"end":{"line":13,"column":36}},"3":{"start":{"line":6,"column":12},"end":{"line":6,"column":42}},"4":{"start":{"line":7,"column":12},"end":{"line":7,"column":44}},"5":{"start":{"line":14,"column":4},"end":{"line":14,"column":52}},"6":{"start":{"line":5,"column":0},"end":{"line":5,"column":21}}},"fnMap":{"0":{"name":"(anonymous_1)","decl":{"start":{"line":9,"column":2},"end":{"line":9,"column":null}},"loc":{"start":{"line":11,"column":20},"end":{"line":15,"column":3}}}},"branchMap":{"0":{"loc":{"start":{"line":10,"column":4},"end":{"line":10,"column":46}},"type":"default-arg","locations":[{"start":{"line":10,"column":22},"end":{"line":10,"column":46}}]},"1":{"loc":{"start":{"line":11,"column":4},"end":{"line":11,"column":20}},"type":"default-arg","locations":[{"start":{"line":11,"column":16},"end":{"line":11,"column":20}}]}},"s":{"0":1,"1":1,"2":0,"3":0,"4":0,"5":0,"6":1},"f":{"0":0},"b":{"0":[0],"1":[0]}}
,"/Users/oluwaseunsomefun/wayfarer_API/src/errors/ResourceNotFoundError.ts": {"path":"/Users/oluwaseunsomefun/wayfarer_API/src/errors/ResourceNotFoundError.ts","statementMap":{"0":{"start":{"line":1,"column":0},"end":{"line":1,"column":43}},"1":{"start":{"line":3,"column":0},"end":{"line":3,"column":42}},"2":{"start":{"line":10,"column":4},"end":{"line":10,"column":36}},"3":{"start":{"line":6,"column":12},"end":{"line":6,"column":37}},"4":{"start":{"line":7,"column":12},"end":{"line":7,"column":44}},"5":{"start":{"line":5,"column":0},"end":{"line":5,"column":13}}},"fnMap":{"0":{"name":"(anonymous_1)","decl":{"start":{"line":9,"column":2},"end":{"line":9,"column":21}},"loc":{"start":{"line":9,"column":77},"end":{"line":11,"column":3}}}},"branchMap":{"0":{"loc":{"start":{"line":9,"column":21},"end":{"line":9,"column":59}},"type":"default-arg","locations":[{"start":{"line":9,"column":39},"end":{"line":9,"column":59}}]},"1":{"loc":{"start":{"line":9,"column":61},"end":{"line":9,"column":77}},"type":"default-arg","locations":[{"start":{"line":9,"column":73},"end":{"line":9,"column":77}}]}},"s":{"0":1,"1":1,"2":0,"3":0,"4":0,"5":1},"f":{"0":0},"b":{"0":[0],"1":[0]}}
,"/Users/oluwaseunsomefun/wayfarer_API/src/errors/index.ts": {"path":"/Users/oluwaseunsomefun/wayfarer_API/src/errors/index.ts","statementMap":{"0":{"start":{"line":1,"column":0},"end":{"line":1,"column":34}},"1":{"start":{"line":2,"column":0},"end":{"line":2,"column":33}},"2":{"start":{"line":3,"column":0},"end":{"line":3,"column":40}},"3":{"start":{"line":4,"column":0},"end":{"line":4,"column":37}},"4":{"start":{"line":5,"column":0},"end":{"line":5,"column":40}}},"fnMap":{},"branchMap":{},"s":{"0":1,"1":1,"2":1,"3":1,"4":1},"f":{},"b":{}}
,"/Users/oluwaseunsomefun/wayfarer_API/src/middleware/authUser.ts": {"path":"/Users/oluwaseunsomefun/wayfarer_API/src/middleware/authUser.ts","statementMap":{"0":{"start":{"line":2,"column":0},"end":{"line":2,"column":68}},"1":{"start":{"line":5,"column":24},"end":{"line":13,"column":1}},"2":{"start":{"line":6,"column":2},"end":{"line":12,"column":4}},"3":{"start":{"line":6,"column":73},"end":{"line":12,"column":4}},"4":{"start":{"line":7,"column":17},"end":{"line":7,"column":32}},"5":{"start":{"line":8,"column":4},"end":{"line":10,"column":5}},"6":{"start":{"line":9,"column":6},"end":{"line":9,"column":70}},"7":{"start":{"line":11,"column":4},"end":{"line":11,"column":11}},"8":{"start":{"line":5,"column":13},"end":{"line":5,"column":24}}},"fnMap":{"0":{"name":"(anonymous_8)","decl":{"start":{"line":5,"column":24},"end":{"line":5,"column":27}},"loc":{"start":{"line":5,"column":29},"end":{"line":13,"column":1}}},"1":{"name":"(anonymous_9)","decl":{"start":{"line":6,"column":9},"end":{"line":6,"column":16}},"loc":{"start":{"line":6,"column":73},"end":{"line":12,"column":4}}},"2":{"name":"(anonymous_10)","decl":{"start":{"line":6,"column":73},"end":{"line":6,"column":null}},"loc":{"start":{"line":6,"column":73},"end":{"line":12,"column":3}}}},"branchMap":{"0":{"loc":{"start":{"line":8,"column":4},"end":{"line":10,"column":5}},"type":"if","locations":[{"start":{"line":8,"column":4},"end":{"line":10,"column":5}}]}},"s":{"0":1,"1":1,"2":1,"3":0,"4":0,"5":0,"6":0,"7":0,"8":1},"f":{"0":1,"1":0,"2":0},"b":{"0":[0]}}
,"/Users/oluwaseunsomefun/wayfarer_API/src/middleware/authenticate.ts": {"path":"/Users/oluwaseunsomefun/wayfarer_API/src/middleware/authenticate.ts","statementMap":{"0":{"start":{"line":2,"column":0},"end":{"line":2,"column":null}},"1":{"start":{"line":7,"column":0},"end":{"line":7,"column":68}},"2":{"start":{"line":8,"column":0},"end":{"line":8,"column":35}},"3":{"start":{"line":9,"column":0},"end":{"line":9,"column":46}},"4":{"start":{"line":12,"column":28},"end":{"line":52,"column":1}},"5":{"start":{"line":13,"column":2},"end":{"line":51,"column":4}},"6":{"start":{"line":13,"column":67},"end":{"line":51,"column":4}},"7":{"start":{"line":14,"column":30},"end":{"line":14,"column":41}},"8":{"start":{"line":15,"column":4},"end":{"line":17,"column":5}},"9":{"start":{"line":16,"column":6},"end":{"line":16,"column":66}},"10":{"start":{"line":18,"column":22},"end":{"line":18,"column":46}},"11":{"start":{"line":20,"column":4},"end":{"line":50,"column":5}},"12":{"start":{"line":21,"column":6},"end":{"line":23,"column":7}},"13":{"start":{"line":22,"column":8},"end":{"line":22,"column":68}},"14":{"start":{"line":24,"column":22},"end":{"line":24,"column":39}},"15":{"start":{"line":26,"column":19},"end":{"line":26,"column":76}},"16":{"start":{"line":28,"column":6},"end":{"line":30,"column":7}},"17":{"start":{"line":29,"column":8},"end":{"line":29,"column":64}},"18":{"start":{"line":32,"column":6},"end":{"line":32,"column":29}},"19":{"start":{"line":33,"column":6},"end":{"line":33,"column":20}},"20":{"start":{"line":35,"column":6},"end":{"line":37,"column":7}},"21":{"start":{"line":36,"column":8},"end":{"line":36,"column":68}},"22":{"start":{"line":39,"column":6},"end":{"line":43,"column":7}},"23":{"start":{"line":40,"column":8},"end":{"line":42,"column":10}},"24":{"start":{"line":45,"column":6},"end":{"line":47,"column":7}},"25":{"start":{"line":46,"column":8},"end":{"line":46,"column":64}},"26":{"start":{"line":49,"column":6},"end":{"line":49,"column":25}},"27":{"start":{"line":12,"column":13},"end":{"line":12,"column":28}}},"fnMap":{"0":{"name":"(anonymous_8)","decl":{"start":{"line":12,"column":28},"end":{"line":12,"column":31}},"loc":{"start":{"line":12,"column":33},"end":{"line":52,"column":1}}},"1":{"name":"(anonymous_9)","decl":{"start":{"line":13,"column":9},"end":{"line":13,"column":16}},"loc":{"start":{"line":13,"column":67},"end":{"line":51,"column":4}}},"2":{"name":"(anonymous_10)","decl":{"start":{"line":13,"column":67},"end":{"line":13,"column":null}},"loc":{"start":{"line":13,"column":67},"end":{"line":51,"column":3}}}},"branchMap":{"0":{"loc":{"start":{"line":15,"column":4},"end":{"line":17,"column":5}},"type":"if","locations":[{"start":{"line":15,"column":4},"end":{"line":17,"column":5}}]},"1":{"loc":{"start":{"line":21,"column":6},"end":{"line":23,"column":7}},"type":"if","locations":[{"start":{"line":21,"column":6},"end":{"line":23,"column":7}}]},"2":{"loc":{"start":{"line":28,"column":6},"end":{"line":30,"column":7}},"type":"if","locations":[{"start":{"line":28,"column":6},"end":{"line":30,"column":7}}]},"3":{"loc":{"start":{"line":35,"column":6},"end":{"line":37,"column":7}},"type":"if","locations":[{"start":{"line":35,"column":6},"end":{"line":37,"column":7}}]},"4":{"loc":{"start":{"line":39,"column":6},"end":{"line":43,"column":7}},"type":"if","locations":[{"start":{"line":39,"column":6},"end":{"line":43,"column":7}}]},"5":{"loc":{"start":{"line":45,"column":6},"end":{"line":47,"column":7}},"type":"if","locations":[{"start":{"line":45,"column":6},"end":{"line":47,"column":7}}]}},"s":{"0":1,"1":1,"2":1,"3":1,"4":1,"5":5,"6":0,"7":0,"8":0,"9":0,"10":0,"11":0,"12":0,"13":0,"14":0,"15":0,"16":0,"17":0,"18":0,"19":0,"20":0,"21":0,"22":0,"23":0,"24":0,"25":0,"26":0,"27":1},"f":{"0":5,"1":0,"2":0},"b":{"0":[0],"1":[0],"2":[0],"3":[0],"4":[0],"5":[0]}}
,"/Users/oluwaseunsomefun/wayfarer_API/src/middleware/authoriseAdmin.ts": {"path":"/Users/oluwaseunsomefun/wayfarer_API/src/middleware/authoriseAdmin.ts","statementMap":{"0":{"start":{"line":2,"column":0},"end":{"line":2,"column":68}},"1":{"start":{"line":5,"column":30},"end":{"line":13,"column":1}},"2":{"start":{"line":6,"column":2},"end":{"line":12,"column":4}},"3":{"start":{"line":6,"column":73},"end":{"line":12,"column":4}},"4":{"start":{"line":7,"column":17},"end":{"line":7,"column":32}},"5":{"start":{"line":8,"column":4},"end":{"line":10,"column":5}},"6":{"start":{"line":9,"column":6},"end":{"line":9,"column":71}},"7":{"start":{"line":11,"column":4},"end":{"line":11,"column":11}},"8":{"start":{"line":5,"column":13},"end":{"line":5,"column":30}}},"fnMap":{"0":{"name":"(anonymous_8)","decl":{"start":{"line":5,"column":30},"end":{"line":5,"column":33}},"loc":{"start":{"line":5,"column":35},"end":{"line":13,"column":1}}},"1":{"name":"(anonymous_9)","decl":{"start":{"line":6,"column":9},"end":{"line":6,"column":16}},"loc":{"start":{"line":6,"column":73},"end":{"line":12,"column":4}}},"2":{"name":"(anonymous_10)","decl":{"start":{"line":6,"column":73},"end":{"line":6,"column":null}},"loc":{"start":{"line":6,"column":73},"end":{"line":12,"column":3}}}},"branchMap":{"0":{"loc":{"start":{"line":8,"column":4},"end":{"line":10,"column":5}},"type":"if","locations":[{"start":{"line":8,"column":4},"end":{"line":10,"column":5}}]}},"s":{"0":1,"1":1,"2":2,"3":0,"4":0,"5":0,"6":0,"7":0,"8":1},"f":{"0":2,"1":0,"2":0},"b":{"0":[0]}}
,"/Users/oluwaseunsomefun/wayfarer_API/src/repository/user.ts": {"path":"/Users/oluwaseunsomefun/wayfarer_API/src/repository/user.ts","statementMap":{"0":{"start":{"line":1,"column":0},"end":{"line":1,"column":35}},"1":{"start":{"line":2,"column":0},"end":{"line":2,"column":36}},"2":{"start":{"line":5,"column":26},"end":{"line":8,"column":2}},"3":{"start":{"line":5,"column":74},"end":{"line":8,"column":2}},"4":{"start":{"line":6,"column":18},"end":{"line":6,"column":57}},"5":{"start":{"line":7,"column":2},"end":{"line":7,"column":25}},"6":{"start":{"line":5,"column":13},"end":{"line":5,"column":26}},"7":{"start":{"line":10,"column":24},"end":{"line":13,"column":2}},"8":{"start":{"line":10,"column":72},"end":{"line":13,"column":2}},"9":{"start":{"line":11,"column":15},"end":{"line":11,"column":58}},"10":{"start":{"line":12,"column":2},"end":{"line":12,"column":22}},"11":{"start":{"line":10,"column":13},"end":{"line":10,"column":24}}},"fnMap":{"0":{"name":"(anonymous_8)","decl":{"start":{"line":5,"column":26},"end":{"line":5,"column":33}},"loc":{"start":{"line":5,"column":74},"end":{"line":8,"column":2}}},"1":{"name":"(anonymous_9)","decl":{"start":{"line":5,"column":74},"end":{"line":5,"column":null}},"loc":{"start":{"line":5,"column":74},"end":{"line":8,"column":1}}},"2":{"name":"(anonymous_10)","decl":{"start":{"line":10,"column":24},"end":{"line":10,"column":31}},"loc":{"start":{"line":10,"column":72},"end":{"line":13,"column":2}}},"3":{"name":"(anonymous_11)","decl":{"start":{"line":10,"column":72},"end":{"line":10,"column":null}},"loc":{"start":{"line":10,"column":72},"end":{"line":13,"column":1}}}},"branchMap":{},"s":{"0":1,"1":1,"2":1,"3":0,"4":0,"5":0,"6":1,"7":1,"8":0,"9":0,"10":0,"11":1},"f":{"0":0,"1":0,"2":0,"3":0},"b":{}}
,"/Users/oluwaseunsomefun/wayfarer_API/src/routes/index.ts": {"path":"/Users/oluwaseunsomefun/wayfarer_API/src/routes/index.ts","statementMap":{"0":{"start":{"line":1,"column":0},"end":{"line":1,"column":33}},"1":{"start":{"line":2,"column":0},"end":{"line":2,"column":null}},"2":{"start":{"line":8,"column":0},"end":{"line":8,"column":58}},"3":{"start":{"line":9,"column":0},"end":{"line":9,"column":62}},"4":{"start":{"line":10,"column":0},"end":{"line":10,"column":50}},"5":{"start":{"line":12,"column":13},"end":{"line":12,"column":31}},"6":{"start":{"line":15,"column":0},"end":{"line":15,"column":55}},"7":{"start":{"line":16,"column":0},"end":{"line":16,"column":53}},"8":{"start":{"line":19,"column":0},"end":{"line":19,"column":70}},"9":{"start":{"line":22,"column":0},"end":{"line":27,"column":2}},"10":{"start":{"line":29,"column":0},"end":{"line":34,"column":2}},"11":{"start":{"line":36,"column":0},"end":{"line":36,"column":52}},"12":{"start":{"line":39,"column":0},"end":{"line":39,"column":66}},"13":{"start":{"line":40,"column":0},"end":{"line":40,"column":78}},"14":{"start":{"line":41,"column":0},"end":{"line":45,"column":2}}},"fnMap":{},"branchMap":{},"s":{"0":1,"1":1,"2":1,"3":1,"4":1,"5":1,"6":1,"7":1,"8":1,"9":1,"10":1,"11":1,"12":1,"13":1,"14":1},"f":{},"b":{}}
,"/Users/oluwaseunsomefun/wayfarer_API/src/utilities/index.ts": {"path":"/Users/oluwaseunsomefun/wayfarer_API/src/utilities/index.ts","statementMap":{"0":{"start":{"line":1,"column":0},"end":{"line":1,"column":30}},"1":{"start":{"line":2,"column":0},"end":{"line":2,"column":35}},"2":{"start":{"line":3,"column":0},"end":{"line":3,"column":34}}},"fnMap":{},"branchMap":{},"s":{"0":1,"1":1,"2":1},"f":{},"b":{}}
,"/Users/oluwaseunsomefun/wayfarer_API/src/utilities/jwt.utility.ts": {"path":"/Users/oluwaseunsomefun/wayfarer_API/src/utilities/jwt.utility.ts","statementMap":{"0":{"start":{"line":1,"column":0},"end":{"line":1,"column":31}},"1":{"start":{"line":2,"column":0},"end":{"line":2,"column":28}},"2":{"start":{"line":4,"column":0},"end":{"line":4,"column":37}},"3":{"start":{"line":5,"column":0},"end":{"line":5,"column":44}},"4":{"start":{"line":7,"column":0},"end":{"line":7,"column":16}},"5":{"start":{"line":17,"column":18},"end":{"line":19,"column":null}},"6":{"start":{"line":21,"column":4},"end":{"line":21,"column":17}},"7":{"start":{"line":25,"column":4},"end":{"line":27,"column":5}},"8":{"start":{"line":26,"column":6},"end":{"line":26,"column":53}},"9":{"start":{"line":29,"column":20},"end":{"line":29,"column":50}},"10":{"start":{"line":30,"column":4},"end":{"line":30,"column":37}},"11":{"start":{"line":9,"column":0},"end":{"line":9,"column":13}},"12":{"start":{"line":10,"column":17},"end":{"line":11,"column":29}}},"fnMap":{"0":{"name":"(anonymous_1)","decl":{"start":{"line":13,"column":9},"end":{"line":13,"column":15}},"loc":{"start":{"line":15,"column":38},"end":{"line":22,"column":3}}},"1":{"name":"(anonymous_2)","decl":{"start":{"line":24,"column":9},"end":{"line":24,"column":15}},"loc":{"start":{"line":24,"column":36},"end":{"line":31,"column":3}}}},"branchMap":{"0":{"loc":{"start":{"line":25,"column":4},"end":{"line":27,"column":5}},"type":"if","locations":[{"start":{"line":25,"column":4},"end":{"line":27,"column":5}}]}},"s":{"0":1,"1":1,"2":1,"3":1,"4":1,"5":1,"6":1,"7":0,"8":0,"9":0,"10":0,"11":1,"12":1},"f":{"0":1,"1":0},"b":{"0":[0]}}
,"/Users/oluwaseunsomefun/wayfarer_API/src/utilities/password.utility.ts": {"path":"/Users/oluwaseunsomefun/wayfarer_API/src/utilities/password.utility.ts","statementMap":{"0":{"start":{"line":1,"column":0},"end":{"line":1,"column":28}},"1":{"start":{"line":2,"column":0},"end":{"line":2,"column":28}},"2":{"start":{"line":3,"column":0},"end":{"line":3,"column":37}},"3":{"start":{"line":5,"column":0},"end":{"line":5,"column":16}},"4":{"start":{"line":13,"column":28},"end":{"line":14,"column":57}},"5":{"start":{"line":14,"column":2},"end":{"line":14,"column":57}},"6":{"start":{"line":13,"column":13},"end":{"line":13,"column":28}},"7":{"start":{"line":22,"column":31},"end":{"line":25,"column":56}},"8":{"start":{"line":25,"column":14},"end":{"line":25,"column":56}},"9":{"start":{"line":22,"column":13},"end":{"line":22,"column":31}},"10":{"start":{"line":29,"column":28},"end":{"line":30,"column":28}},"11":{"start":{"line":30,"column":2},"end":{"line":30,"column":28}},"12":{"start":{"line":29,"column":13},"end":{"line":29,"column":28}}},"fnMap":{"0":{"name":"(anonymous_1)","decl":{"start":{"line":13,"column":28},"end":{"line":13,"column":29}},"loc":{"start":{"line":14,"column":2},"end":{"line":14,"column":57}}},"1":{"name":"(anonymous_2)","decl":{"start":{"line":22,"column":31},"end":{"line":22,"column":null}},"loc":{"start":{"line":25,"column":14},"end":{"line":25,"column":56}}},"2":{"name":"(anonymous_3)","decl":{"start":{"line":29,"column":28},"end":{"line":29,"column":29}},"loc":{"start":{"line":30,"column":2},"end":{"line":30,"column":28}}}},"branchMap":{},"s":{"0":1,"1":1,"2":1,"3":1,"4":1,"5":1,"6":1,"7":1,"8":0,"9":1,"10":1,"11":2,"12":1},"f":{"0":1,"1":0,"2":2},"b":{}}
,"/Users/oluwaseunsomefun/wayfarer_API/src/utilities/respond.utility.ts": {"path":"/Users/oluwaseunsomefun/wayfarer_API/src/utilities/respond.utility.ts","statementMap":{"0":{"start":{"line":2,"column":0},"end":{"line":2,"column":43}},"1":{"start":{"line":5,"column":23},"end":{"line":24,"column":1}},"2":{"start":{"line":13,"column":18},"end":{"line":13,"column":35}},"3":{"start":{"line":14,"column":17},"end":{"line":14,"column":46}},"4":{"start":{"line":15,"column":21},"end":{"line":15,"column":49}},"5":{"start":{"line":17,"column":16},"end":{"line":21,"column":null}},"6":{"start":{"line":23,"column":2},"end":{"line":23,"column":47}},"7":{"start":{"line":5,"column":13},"end":{"line":5,"column":23}},"8":{"start":{"line":26,"column":0},"end":{"line":26,"column":23}}},"fnMap":{"0":{"name":"(anonymous_1)","decl":{"start":{"line":5,"column":23},"end":{"line":5,"column":null}},"loc":{"start":{"line":12,"column":14},"end":{"line":24,"column":1}}}},"branchMap":{"0":{"loc":{"start":{"line":8,"column":2},"end":{"line":8,"column":36}},"type":"default-arg","locations":[{"start":{"line":8,"column":23},"end":{"line":8,"column":36}}]},"1":{"loc":{"start":{"line":9,"column":2},"end":{"line":9,"column":24}},"type":"default-arg","locations":[{"start":{"line":9,"column":20},"end":{"line":9,"column":24}}]},"2":{"loc":{"start":{"line":10,"column":2},"end":{"line":10,"column":29}},"type":"default-arg","locations":[{"start":{"line":10,"column":25},"end":{"line":10,"column":29}}]},"3":{"loc":{"start":{"line":14,"column":17},"end":{"line":14,"column":46}},"type":"cond-expr","locations":[{"start":{"line":14,"column":27},"end":{"line":14,"column":34}},{"start":{"line":14,"column":37},"end":{"line":14,"column":46}}]},"4":{"loc":{"start":{"line":15,"column":21},"end":{"line":15,"column":49}},"type":"cond-expr","locations":[{"start":{"line":15,"column":31},"end":{"line":15,"column":40}},{"start":{"line":15,"column":43},"end":{"line":15,"column":49}}]},"5":{"loc":{"start":{"line":20,"column":8},"end":{"line":20,"column":50}},"type":"cond-expr","locations":[{"start":{"line":20,"column":28},"end":{"line":20,"column":45}},{"start":{"line":20,"column":48},"end":{"line":20,"column":50}}]},"6":{"loc":{"start":{"line":20,"column":8},"end":{"line":20,"column":25}},"type":"binary-expr","locations":[{"start":{"line":20,"column":8},"end":{"line":20,"column":15}},{"start":{"line":20,"column":19},"end":{"line":20,"column":25}}]},"7":{"loc":{"start":{"line":21,"column":8},"end":{"line":21,"column":30}},"type":"cond-expr","locations":[{"start":{"line":21,"column":16},"end":{"line":21,"column":25}},{"start":{"line":21,"column":28},"end":{"line":21,"column":30}}]}},"s":{"0":1,"1":1,"2":1,"3":1,"4":1,"5":1,"6":1,"7":1,"8":1},"f":{"0":1},"b":{"0":[0],"1":[0],"2":[0],"3":[0,1],"4":[0,1],"5":[0,1],"6":[1,0],"7":[1,0]}}
}
